<?xml version="1.0" encoding="UTF-8"?>
<testng-results skipped="0" failed="0" total="2" passed="2">
  <reporter-output>
  </reporter-output>
  <suite name="Default suite" duration-ms="22401" started-at="2023-01-20T02:31:18Z" finished-at="2023-01-20T02:31:40Z">
    <groups>
    </groups>
    <test name="Default test" duration-ms="22401" started-at="2023-01-20T02:31:18Z" finished-at="2023-01-20T02:31:40Z">
      <class name="Locatorpage.RunPage">
        <test-method status="PASS" signature="setDriver()[pri:0, instance:Locatorpage.RunPage@380fb434]" name="setDriver" is-config="true" duration-ms="3530" started-at="2023-01-20T08:31:18Z" finished-at="2023-01-20T08:31:21Z">
          <reporter-output>
          </reporter-output>
        </test-method> <!-- setDriver -->
        <test-method status="PASS" signature="Helpform()[pri:0, instance:Locatorpage.RunPage@380fb434]" name="Helpform" duration-ms="10122" started-at="2023-01-20T08:31:21Z" finished-at="2023-01-20T08:31:31Z">
          <reporter-output>
          </reporter-output>
        </test-method> <!-- Helpform -->
        <test-method status="PASS" signature="Timer()[pri:0, instance:Locatorpage.RunPage@380fb434]" name="Timer" duration-ms="8438" started-at="2023-01-20T08:31:31Z" finished-at="2023-01-20T08:31:40Z">
          <reporter-output>
          </reporter-output>
        </test-method> <!-- Timer -->
        <test-method status="PASS" signature="close()[pri:0, instance:Locatorpage.RunPage@380fb434]" name="close" is-config="true" duration-ms="284" started-at="2023-01-20T08:31:40Z" finished-at="2023-01-20T08:31:40Z">
          <reporter-output>
          </reporter-output>
        </test-method> <!-- close -->
      </class> <!-- Locatorpage.RunPage -->
    </test> <!-- Default test -->
  </suite> <!-- Default suite -->
</testng-results>
